<?xml version="1.0" encoding="UTF-8"?>
<!-- Generated by org.testng.reporters.JUnitReportReporter -->
<testsuite hostname="01HW1972571" failures="0" tests="2" name="assignment.EcomProject.HomePage" time="30.543" errors="0" timestamp="2022-08-12T00:25:00 IST" skipped="0">
  <testcase classname="assignment.EcomProject.HomePage" name="verifyfilter" time="10.882"/>
  <system-out/>
  <testcase classname="assignment.EcomProject.HomePage" name="basePageNavigation" time="19.661"/>
  <system-out/>
</testsuite> <!-- assignment.EcomProject.HomePage -->
